app/manifest-merger-release-report.txt
-- Merging decision tree log ---
manifest
ADDED from AndroidManifest.xml:2:1
	xmlns:android
		ADDED from AndroidManifest.xml:2:11
	package
		ADDED from AndroidManifest.xml:3:5
	android:versionName
		INJECTED from AndroidManifest.xml:0:0
		INJECTED from AndroidManifest.xml:0:0
	android:versionCode
		INJECTED from AndroidManifest.xml:0:0
		INJECTED from AndroidManifest.xml:0:0
uses-permission#android.permission.INTERNET
ADDED from AndroidManifest.xml:6:5
	android:name
		ADDED from AndroidManifest.xml:6:22
uses-permission#android.permission.ACCESS_FINE_LOCATION
ADDED from AndroidManifest.xml:7:5
	android:name
		ADDED from AndroidManifest.xml:7:22
uses-permission#android.permission.ACCESS_COARSE_LOCATION
ADDED from AndroidManifest.xml:8:5
	android:name
		ADDED from AndroidManifest.xml:8:22
uses-permission#android.permission.ACCESS_NETWORK_STATE
ADDED from AndroidManifest.xml:9:5
	android:name
		ADDED from AndroidManifest.xml:9:22
uses-permission#android.permission.WRITE_EXTERNAL_STORAGE
ADDED from AndroidManifest.xml:10:5
	android:name
		ADDED from AndroidManifest.xml:10:22
uses-permission#android.permission.ACCESS_WIFI_STATE
ADDED from AndroidManifest.xml:11:5
	android:name
		ADDED from AndroidManifest.xml:11:22
uses-permission#android.permission.CAMERA
ADDED from AndroidManifest.xml:12:5
	android:name
		ADDED from AndroidManifest.xml:12:22
application
ADDED from AndroidManifest.xml:14:5
MERGED from com.android.support:appcompat-v7:19.1.0:19:5
MERGED from me.dm7.barcodescanner:zxing:1.0:4:5
MERGED from me.dm7.barcodescanner:core:1.0:4:5
MERGED from com.mapbox.mapboxsdk:mapbox-android-sdk:0.4.0:9:5
	android:label
		ADDED from AndroidManifest.xml:18:9
	android:allowBackup
		ADDED from AndroidManifest.xml:15:9
	android:icon
		ADDED from AndroidManifest.xml:16:9
	android:theme
		ADDED from AndroidManifest.xml:17:9
	android:name
		ADDED from AndroidManifest.xml:19:9
activity#com.meyersj.mobilesurveyor.app.menu.LoginActivity
ADDED from AndroidManifest.xml:21:9
	android:windowSoftInputMode
		ADDED from AndroidManifest.xml:23:13
	android:screenOrientation
		ADDED from AndroidManifest.xml:24:13
	android:name
		ADDED from AndroidManifest.xml:22:13
intent-filter#android.intent.category.LAUNCHER+com.meyersj.mobilesurveyor.app.LOGIN
ADDED from AndroidManifest.xml:25:13
action#com.meyersj.mobilesurveyor.app.LOGIN
ADDED from AndroidManifest.xml:27:17
	android:name
		ADDED from AndroidManifest.xml:27:25
category#android.intent.category.LAUNCHER
ADDED from AndroidManifest.xml:28:17
	android:name
		ADDED from AndroidManifest.xml:28:27
activity#com.meyersj.mobilesurveyor.app.menu.SettingsActivity
ADDED from AndroidManifest.xml:32:9
	android:name
		ADDED from AndroidManifest.xml:33:13
intent-filter#android.intent.category.DEFAULT+com.meyersj.mobilesurveyor.app.SETTINGS
ADDED from AndroidManifest.xml:34:13
action#com.meyersj.mobilesurveyor.app.SETTINGS
ADDED from AndroidManifest.xml:35:17
	android:name
		ADDED from AndroidManifest.xml:35:25
category#android.intent.category.DEFAULT
ADDED from AndroidManifest.xml:36:17
	android:name
		ADDED from AndroidManifest.xml:36:27
activity#com.meyersj.mobilesurveyor.app.menu.SetLineActivity
ADDED from AndroidManifest.xml:41:9
	android:screenOrientation
		ADDED from AndroidManifest.xml:43:13
	android:name
		ADDED from AndroidManifest.xml:42:13
intent-filter#android.intent.category.DEFAULT+com.meyersj.mobilesurveyor.app.SETLINE
ADDED from AndroidManifest.xml:44:13
action#com.meyersj.mobilesurveyor.app.SETLINE
ADDED from AndroidManifest.xml:45:17
	android:name
		ADDED from AndroidManifest.xml:45:25
activity#com.meyersj.mobilesurveyor.app.scans.ScannerActivity
ADDED from AndroidManifest.xml:50:9
	android:screenOrientation
		ADDED from AndroidManifest.xml:52:13
	android:name
		ADDED from AndroidManifest.xml:51:13
intent-filter#android.intent.category.DEFAULT+com.meyersj.mobilesurveyor.app.SCANNER
ADDED from AndroidManifest.xml:53:13
action#com.meyersj.mobilesurveyor.app.SCANNER
ADDED from AndroidManifest.xml:54:17
	android:name
		ADDED from AndroidManifest.xml:54:25
activity#com.meyersj.mobilesurveyor.app.stops.OnOffMapActivity
ADDED from AndroidManifest.xml:59:9
	android:windowSoftInputMode
		ADDED from AndroidManifest.xml:62:13
	android:screenOrientation
		ADDED from AndroidManifest.xml:64:13
	android:theme
		ADDED from AndroidManifest.xml:63:13
	android:hardwareAccelerated
		ADDED from AndroidManifest.xml:61:13
	android:name
		ADDED from AndroidManifest.xml:60:13
intent-filter#android.intent.category.DEFAULT+com.meyersj.mobilesurveyor.app.ONOFFMAP
ADDED from AndroidManifest.xml:66:13
action#com.meyersj.mobilesurveyor.app.ONOFFMAP
ADDED from AndroidManifest.xml:67:17
	android:name
		ADDED from AndroidManifest.xml:67:25
intent-filter#android.intent.category.DEFAULT+com.meyersj.mobilesurveyor.app.ODK_ONOFFMAP
ADDED from AndroidManifest.xml:71:13
action#com.meyersj.mobilesurveyor.app.ODK_ONOFFMAP
ADDED from AndroidManifest.xml:72:17
	android:name
		ADDED from AndroidManifest.xml:72:25
activity#com.meyersj.mobilesurveyor.app.survey.SurveyActivity
ADDED from AndroidManifest.xml:79:9
	android:windowSoftInputMode
		ADDED from AndroidManifest.xml:82:13
	android:screenOrientation
		ADDED from AndroidManifest.xml:84:13
	android:theme
		ADDED from AndroidManifest.xml:83:13
	android:hardwareAccelerated
		ADDED from AndroidManifest.xml:81:13
	android:name
		ADDED from AndroidManifest.xml:80:13
intent-filter#android.intent.action.MAIN+android.intent.category.DEFAULT+android.intent.category.LAUNCHER+com.meyersj.mobilesurveyor.app.SURVEY
ADDED from AndroidManifest.xml:86:13
action#android.intent.action.MAIN
ADDED from AndroidManifest.xml:87:17
	android:name
		ADDED from AndroidManifest.xml:87:25
action#com.meyersj.mobilesurveyor.app.SURVEY
ADDED from AndroidManifest.xml:89:17
	android:name
		ADDED from AndroidManifest.xml:89:25
intent-filter#android.intent.category.DEFAULT+com.meyersj.mobilesurveyor.app.ODK_SURVEY
ADDED from AndroidManifest.xml:93:13
action#com.meyersj.mobilesurveyor.app.ODK_SURVEY
ADDED from AndroidManifest.xml:94:17
	android:name
		ADDED from AndroidManifest.xml:94:25
activity#com.meyersj.mobilesurveyor.app.locations.PickLocationActivity
ADDED from AndroidManifest.xml:100:9
	android:windowSoftInputMode
		ADDED from AndroidManifest.xml:103:13
	android:screenOrientation
		ADDED from AndroidManifest.xml:105:13
	android:theme
		ADDED from AndroidManifest.xml:104:13
	android:hardwareAccelerated
		ADDED from AndroidManifest.xml:102:13
	android:name
		ADDED from AndroidManifest.xml:101:13
intent-filter#android.intent.category.DEFAULT+com.meyersj.mobilesurveyor.app.PICKLOCATION
ADDED from AndroidManifest.xml:106:13
action#com.meyersj.mobilesurveyor.app.PICKLOCATION
ADDED from AndroidManifest.xml:108:17
	android:name
		ADDED from AndroidManifest.xml:108:25
service#com.meyersj.mobilesurveyor.app.scans.LocationService
ADDED from AndroidManifest.xml:113:9
	android:exported
		ADDED from AndroidManifest.xml:115:13
	android:name
		ADDED from AndroidManifest.xml:114:13
uses-sdk
INJECTED from AndroidManifest.xml:0:0 reason: use-sdk injection requested
MERGED from com.android.support:appcompat-v7:19.1.0:18:5
MERGED from me.dm7.barcodescanner:zxing:1.0:3:5
MERGED from me.dm7.barcodescanner:core:1.0:3:5
MERGED from com.mapbox.mapboxsdk:mapbox-android-sdk:0.4.0:5:5
MERGED from com.cocoahero.android:geojson:1.0.0:7:5
	android:targetSdkVersion
		INJECTED from AndroidManifest.xml:0:0
		INJECTED from AndroidManifest.xml:0:0
	android:minSdkVersion
		INJECTED from AndroidManifest.xml:0:0
		INJECTED from AndroidManifest.xml:0:0